<?xml version="1.0" encoding="UTF-8"?>
<testsuite name="ShortestTests" tests="1" skipped="0" failures="0" errors="0" timestamp="2023-09-19T12:44:29" hostname="LAPTOP-93SSDTGR" time="0.003">
  <properties/>
  <testcase name="testSolution" classname="ShortestTests" time="0.003"/>
  <system-out><![CDATA[]]></system-out>
  <system-err><![CDATA[]]></system-err>
</testsuite>
