<?xml version="1.0" encoding="UTF-8"?>
<testsuite name="AverageTests" tests="1" skipped="0" failures="0" errors="0" timestamp="2023-09-20T08:58:24" hostname="LAPTOP-93SSDTGR" time="0.002">
  <properties/>
  <testcase name="testSolution" classname="AverageTests" time="0.002"/>
  <system-out><![CDATA[]]></system-out>
  <system-err><![CDATA[]]></system-err>
</testsuite>
