<?xml version="1.0" encoding="UTF-8"?>
<testsuite name="SheepTests" tests="1" skipped="0" failures="0" errors="0" timestamp="2023-09-19T12:29:37" hostname="LAPTOP-93SSDTGR" time="0.007">
  <properties/>
  <testcase name="testSolution" classname="SheepTests" time="0.007"/>
  <system-out><![CDATA[]]></system-out>
  <system-err><![CDATA[]]></system-err>
</testsuite>
